This file contains any messages produced by compilers while
running configure, to aid debugging if configure makes a mistake.

It was created by configure, which was
generated by GNU Autoconf 2.57.  Invocation command line was

  $ ./configure 

## --------- ##
## Platform. ##
## --------- ##

hostname = strait-desktop
uname -m = i686
uname -r = 2.6.22-14-generic
uname -s = Linux
uname -v = #1 SMP Fri Feb 1 04:59:50 UTC 2008

/usr/bin/uname -p = unknown
/bin/uname -X     = unknown

/bin/arch              = unknown
/usr/bin/arch -k       = unknown
/usr/convex/getsysinfo = unknown
hostinfo               = unknown
/bin/machine           = unknown
/usr/bin/oslevel       = unknown
/bin/universe          = unknown

PATH: /home/strait/bin
PATH: /usr/local/sbin
PATH: /usr/local/bin
PATH: /usr/sbin
PATH: /usr/bin
PATH: /sbin
PATH: /bin
PATH: /usr/games
PATH: /usr/local/sbin
PATH: /usr/X11R6/lib/xscreensaver
PATH: /home/strait/bin


## ----------- ##
## Core tests. ##
## ----------- ##

configure:1306: checking for a BSD-compatible install
configure:1360: result: /usr/bin/install -c
configure:1371: checking whether build environment is sane
configure:1414: result: yes
configure:1439: WARNING: `missing' script is too old or missing
configure:1447: checking for gawk
configure:1463: found /usr/bin/gawk
configure:1473: result: gawk
configure:1483: checking whether make sets $(MAKE)
configure:1503: result: yes
configure:1654: checking whether to enable maintainer-specific portions of Makefiles
configure:1663: result: no
configure:1701: checking for style of include used by make
configure:1729: result: GNU
configure:1800: checking for gcc
configure:1816: found /usr/bin/gcc
configure:1826: result: gcc
configure:2070: checking for C compiler version
configure:2073: gcc --version </dev/null >&5
gcc (GCC) 4.1.3 20070929 (prerelease) (Ubuntu 4.1.2-16ubuntu2)
Copyright (C) 2006 Free Software Foundation, Inc.
This is free software; see the source for copying conditions.  There is NO
warranty; not even for MERCHANTABILITY or FITNESS FOR A PARTICULAR PURPOSE.

configure:2076: $? = 0
configure:2078: gcc -v </dev/null >&5
Using built-in specs.
Target: i486-linux-gnu
Configured with: ../src/configure -v --enable-languages=c,c++,fortran,objc,obj-c++,treelang --prefix=/usr --enable-shared --with-system-zlib --libexecdir=/usr/lib --without-included-gettext --enable-threads=posix --enable-nls --with-gxx-include-dir=/usr/include/c++/4.1.3 --program-suffix=-4.1 --enable-__cxa_atexit --enable-clocale=gnu --enable-libstdcxx-debug --enable-mpfr --enable-checking=release i486-linux-gnu
Thread model: posix
gcc version 4.1.3 20070929 (prerelease) (Ubuntu 4.1.2-16ubuntu2)
configure:2081: $? = 0
configure:2083: gcc -V </dev/null >&5
gcc: '-V' option must have argument
configure:2086: $? = 1
configure:2110: checking for C compiler default output
configure:2113: gcc    conftest.c  >&5
configure:2116: $? = 0
configure:2162: result: a.out
configure:2167: checking whether the C compiler works
configure:2173: ./a.out
configure:2176: $? = 0
configure:2193: result: yes
configure:2200: checking whether we are cross compiling
configure:2202: result: no
configure:2205: checking for suffix of executables
configure:2207: gcc -o conftest    conftest.c  >&5
configure:2210: $? = 0
configure:2235: result: 
configure:2241: checking for suffix of object files
configure:2263: gcc -c   conftest.c >&5
configure:2266: $? = 0
configure:2288: result: o
configure:2292: checking whether we are using the GNU C compiler
configure:2317: gcc -c   conftest.c >&5
configure:2320: $? = 0
configure:2323: test -s conftest.o
configure:2326: $? = 0
configure:2339: result: yes
configure:2345: checking whether gcc accepts -g
configure:2367: gcc -c -g  conftest.c >&5
configure:2370: $? = 0
configure:2373: test -s conftest.o
configure:2376: $? = 0
configure:2387: result: yes
configure:2404: checking for gcc option to accept ANSI C
configure:2465: gcc  -c -g -O2  conftest.c >&5
configure:2468: $? = 0
configure:2471: test -s conftest.o
configure:2474: $? = 0
configure:2492: result: none needed
configure:2510: gcc -c -g -O2  conftest.c >&5
conftest.c:2: error: expected '=', ',', ';', 'asm' or '__attribute__' before 'me'
configure:2513: $? = 1
configure: failed program was:
| #ifndef __cplusplus
|   choke me
| #endif
configure:2624: checking dependency style of gcc
configure:2686: result: gcc3
configure:2693: checking for strerror in -lcposix
configure:2724: gcc -o conftest -g -O2   conftest.c -lcposix   >&5
/usr/bin/ld: cannot find -lcposix
collect2: ld returned 1 exit status
configure:2727: $? = 1
configure: failed program was:
| #line 2700 "configure"
| /* confdefs.h.  */
| 
| #define PACKAGE_NAME ""
| #define PACKAGE_TARNAME ""
| #define PACKAGE_VERSION ""
| #define PACKAGE_STRING ""
| #define PACKAGE_BUGREPORT ""
| #define PACKAGE "gnosefart"
| #define VERSION "0.1"
| /* end confdefs.h.  */
| 
| /* Override any gcc2 internal prototype to avoid an error.  */
| #ifdef __cplusplus
| extern "C"
| #endif
| /* We use char because int might match the return type of a gcc2
|    builtin and then its argument prototype would still apply.  */
| char strerror ();
| int
| main ()
| {
| strerror ();
|   ;
|   return 0;
| }
configure:2745: result: no
configure:2799: checking for gcc
configure:2825: result: gcc
configure:3069: checking for C compiler version
configure:3072: gcc --version </dev/null >&5
gcc (GCC) 4.1.3 20070929 (prerelease) (Ubuntu 4.1.2-16ubuntu2)
Copyright (C) 2006 Free Software Foundation, Inc.
This is free software; see the source for copying conditions.  There is NO
warranty; not even for MERCHANTABILITY or FITNESS FOR A PARTICULAR PURPOSE.

configure:3075: $? = 0
configure:3077: gcc -v </dev/null >&5
Using built-in specs.
Target: i486-linux-gnu
Configured with: ../src/configure -v --enable-languages=c,c++,fortran,objc,obj-c++,treelang --prefix=/usr --enable-shared --with-system-zlib --libexecdir=/usr/lib --without-included-gettext --enable-threads=posix --enable-nls --with-gxx-include-dir=/usr/include/c++/4.1.3 --program-suffix=-4.1 --enable-__cxa_atexit --enable-clocale=gnu --enable-libstdcxx-debug --enable-mpfr --enable-checking=release i486-linux-gnu
Thread model: posix
gcc version 4.1.3 20070929 (prerelease) (Ubuntu 4.1.2-16ubuntu2)
configure:3080: $? = 0
configure:3082: gcc -V </dev/null >&5
gcc: '-V' option must have argument
configure:3085: $? = 1
configure:3088: checking whether we are using the GNU C compiler
configure:3135: result: yes
configure:3141: checking whether gcc accepts -g
configure:3183: result: yes
configure:3200: checking for gcc option to accept ANSI C
configure:3288: result: none needed
configure:3306: gcc -c -g -O2  conftest.c >&5
conftest.c:2: error: expected '=', ',', ';', 'asm' or '__attribute__' before 'me'
configure:3309: $? = 1
configure: failed program was:
| #ifndef __cplusplus
|   choke me
| #endif
configure:3420: checking dependency style of gcc
configure:3482: result: gcc3
configure:3490: checking for gcc option to accept ANSI C
configure:3554: gcc  -c -g -O2  conftest.c >&5
configure:3557: $? = 0
configure:3560: test -s conftest.o
configure:3563: $? = 0
configure:3578: result: none needed
configure:3594: checking how to run the C preprocessor
configure:3630: gcc -E  conftest.c
configure:3636: $? = 0
configure:3668: gcc -E  conftest.c
configure:3669:28: error: ac_nonexistent.h: No such file or directory
configure:3674: $? = 1
configure: failed program was:
| #line 3659 "configure"
| /* confdefs.h.  */
| 
| #define PACKAGE_NAME ""
| #define PACKAGE_TARNAME ""
| #define PACKAGE_VERSION ""
| #define PACKAGE_STRING ""
| #define PACKAGE_BUGREPORT ""
| #define PACKAGE "gnosefart"
| #define VERSION "0.1"
| /* end confdefs.h.  */
| #include <ac_nonexistent.h>
configure:3712: result: gcc -E
configure:3737: gcc -E  conftest.c
configure:3743: $? = 0
configure:3775: gcc -E  conftest.c
configure:3776:28: error: ac_nonexistent.h: No such file or directory
configure:3781: $? = 1
configure: failed program was:
| #line 3766 "configure"
| /* confdefs.h.  */
| 
| #define PACKAGE_NAME ""
| #define PACKAGE_TARNAME ""
| #define PACKAGE_VERSION ""
| #define PACKAGE_STRING ""
| #define PACKAGE_BUGREPORT ""
| #define PACKAGE "gnosefart"
| #define VERSION "0.1"
| /* end confdefs.h.  */
| #include <ac_nonexistent.h>
configure:3824: checking for egrep
configure:3834: result: grep -E
configure:3839: checking for ANSI C header files
configure:3865: gcc -c -g -O2  conftest.c >&5
configure:3868: $? = 0
configure:3871: test -s conftest.o
configure:3874: $? = 0
configure:3966: gcc -o conftest -g -O2   conftest.c  >&5
configure: In function 'main':
configure:3961: warning: incompatible implicit declaration of built-in function 'exit'
configure:3969: $? = 0
configure:3971: ./conftest
configure:3974: $? = 0
configure:3989: result: yes
configure:4007: checking for pkg-config
configure:4025: found /usr/bin/pkg-config
configure:4038: result: /usr/bin/pkg-config
configure:4055: checking for gtk+-2.0 >= 2.0.0
configure:4059: result: yes
configure:4063: checking PACKAGE_CFLAGS
configure:4066: result: -I/usr/include/gtk-2.0 -I/usr/lib/gtk-2.0/include -I/usr/include/atk-1.0 -I/usr/include/cairo -I/usr/include/pango-1.0 -I/usr/include/glib-2.0 -I/usr/lib/glib-2.0/include -I/usr/include/freetype2 -I/usr/include/libpng12  
configure:4069: checking PACKAGE_LIBS
configure:4072: result: -lgtk-x11-2.0 -lgdk-x11-2.0 -latk-1.0 -lgdk_pixbuf-2.0 -lm -lpangocairo-1.0 -lfontconfig -lXext -lXrender -lXinerama -lXi -lXrandr -lXcursor -lXcomposite -lXdamage -lpango-1.0 -lcairo -lX11 -lXfixes -lgobject-2.0 -lgmodule-2.0 -ldl -lglib-2.0  
configure:4124: checking for sys/types.h
configure:4141: gcc -c -g -O2  conftest.c >&5
configure:4144: $? = 0
configure:4147: test -s conftest.o
configure:4150: $? = 0
configure:4161: result: yes
configure:4124: checking for sys/stat.h
configure:4141: gcc -c -g -O2  conftest.c >&5
configure:4144: $? = 0
configure:4147: test -s conftest.o
configure:4150: $? = 0
configure:4161: result: yes
configure:4124: checking for stdlib.h
configure:4141: gcc -c -g -O2  conftest.c >&5
configure:4144: $? = 0
configure:4147: test -s conftest.o
configure:4150: $? = 0
configure:4161: result: yes
configure:4124: checking for string.h
configure:4141: gcc -c -g -O2  conftest.c >&5
configure:4144: $? = 0
configure:4147: test -s conftest.o
configure:4150: $? = 0
configure:4161: result: yes
configure:4124: checking for memory.h
configure:4141: gcc -c -g -O2  conftest.c >&5
configure:4144: $? = 0
configure:4147: test -s conftest.o
configure:4150: $? = 0
configure:4161: result: yes
configure:4124: checking for strings.h
configure:4141: gcc -c -g -O2  conftest.c >&5
configure:4144: $? = 0
configure:4147: test -s conftest.o
configure:4150: $? = 0
configure:4161: result: yes
configure:4124: checking for inttypes.h
configure:4141: gcc -c -g -O2  conftest.c >&5
configure:4144: $? = 0
configure:4147: test -s conftest.o
configure:4150: $? = 0
configure:4161: result: yes
configure:4124: checking for stdint.h
configure:4141: gcc -c -g -O2  conftest.c >&5
configure:4144: $? = 0
configure:4147: test -s conftest.o
configure:4150: $? = 0
configure:4161: result: yes
configure:4124: checking for unistd.h
configure:4141: gcc -c -g -O2  conftest.c >&5
configure:4144: $? = 0
configure:4147: test -s conftest.o
configure:4150: $? = 0
configure:4161: result: yes
configure:4188: checking locale.h usability
configure:4201: gcc -c -g -O2  conftest.c >&5
configure:4204: $? = 0
configure:4207: test -s conftest.o
configure:4210: $? = 0
configure:4220: result: yes
configure:4224: checking locale.h presence
configure:4235: gcc -E  conftest.c
configure:4241: $? = 0
configure:4260: result: yes
configure:4296: checking for locale.h
configure:4303: result: yes
configure:4317: checking for LC_MESSAGES
configure:4339: gcc -o conftest -g -O2   conftest.c  >&5
configure:4342: $? = 0
configure:4345: test -s conftest
configure:4348: $? = 0
configure:4359: result: yes
configure:4388: checking libintl.h usability
configure:4401: gcc -c -g -O2  conftest.c >&5
configure:4404: $? = 0
configure:4407: test -s conftest.o
configure:4410: $? = 0
configure:4420: result: yes
configure:4424: checking libintl.h presence
configure:4435: gcc -E  conftest.c
configure:4441: $? = 0
configure:4460: result: yes
configure:4496: checking for libintl.h
configure:4503: result: yes
configure:4514: checking for dgettext in libc
configure:4538: gcc -o conftest -g -O2   conftest.c  >&5
configure:4541: $? = 0
configure:4544: test -s conftest
configure:4547: $? = 0
configure:4559: result: yes
configure:4567: checking for bind_textdomain_codeset
configure:4617: gcc -o conftest -g -O2   conftest.c  >&5
configure:4620: $? = 0
configure:4623: test -s conftest
configure:4626: $? = 0
configure:4637: result: yes
configure:4961: checking for msgfmt
configure:4988: result: /usr/bin/msgfmt
configure:5001: checking for dcgettext
configure:5051: gcc -o conftest -g -O2   conftest.c   >&5
configure:5047: warning: conflicting types for built-in function 'dcgettext'
configure:5054: $? = 0
configure:5057: test -s conftest
configure:5060: $? = 0
configure:5071: result: yes
configure:5083: checking for gmsgfmt
configure:5114: result: /usr/bin/msgfmt
configure:5123: checking for xgettext
configure:5150: result: /usr/bin/xgettext
configure:5175: gcc -o conftest -g -O2   conftest.c   >&5
configure:5178: $? = 0
configure:5181: test -s conftest
configure:5184: $? = 0
configure:5506: creating ./config.status

## ---------------------- ##
## Running config.status. ##
## ---------------------- ##

This file was extended by config.status, which was
generated by GNU Autoconf 2.57.  Invocation command line was

  CONFIG_FILES    = 
  CONFIG_HEADERS  = 
  CONFIG_LINKS    = 
  CONFIG_COMMANDS = 
  $ ./config.status 

on strait-desktop

config.status:674: creating Makefile
config.status:674: creating src/Makefile
config.status:674: creating po/Makefile.in
config.status:778: creating config.h
config.status:897: config.h is unchanged
config.status:1003: executing depfiles commands
config.status:1003: executing default-1 commands

## ---------------- ##
## Cache variables. ##
## ---------------- ##

ac_cv_c_compiler_gnu=yes
ac_cv_env_CC_set=
ac_cv_env_CC_value=
ac_cv_env_CFLAGS_set=
ac_cv_env_CFLAGS_value=
ac_cv_env_CPPFLAGS_set=
ac_cv_env_CPPFLAGS_value=
ac_cv_env_CPP_set=
ac_cv_env_CPP_value=
ac_cv_env_LDFLAGS_set=
ac_cv_env_LDFLAGS_value=
ac_cv_env_build_alias_set=
ac_cv_env_build_alias_value=
ac_cv_env_host_alias_set=
ac_cv_env_host_alias_value=
ac_cv_env_target_alias_set=
ac_cv_env_target_alias_value=
ac_cv_exeext=
ac_cv_func_bind_textdomain_codeset=yes
ac_cv_func_dcgettext=yes
ac_cv_header_inttypes_h=yes
ac_cv_header_libintl_h=yes
ac_cv_header_locale_h=yes
ac_cv_header_memory_h=yes
ac_cv_header_stdc=yes
ac_cv_header_stdint_h=yes
ac_cv_header_stdlib_h=yes
ac_cv_header_string_h=yes
ac_cv_header_strings_h=yes
ac_cv_header_sys_stat_h=yes
ac_cv_header_sys_types_h=yes
ac_cv_header_unistd_h=yes
ac_cv_lib_cposix_strerror=no
ac_cv_objext=o
ac_cv_path_GMSGFMT=/usr/bin/msgfmt
ac_cv_path_MSGFMT=/usr/bin/msgfmt
ac_cv_path_PKG_CONFIG=/usr/bin/pkg-config
ac_cv_path_XGETTEXT=/usr/bin/xgettext
ac_cv_path_install='/usr/bin/install -c'
ac_cv_prog_AWK=gawk
ac_cv_prog_CPP='gcc -E'
ac_cv_prog_ac_ct_CC=gcc
ac_cv_prog_cc_g=yes
ac_cv_prog_cc_stdc=
ac_cv_prog_egrep='grep -E'
ac_cv_prog_make_make_set=yes
am_cv_CC_dependencies_compiler_type=gcc3
am_cv_prog_cc_stdc=
am_cv_val_LC_MESSAGES=yes
gt_cv_func_dgettext_libc=yes
gt_cv_func_dgettext_libintl=no
gt_cv_have_gettext=yes

## ----------------- ##
## Output variables. ##
## ----------------- ##

ACLOCAL='aclocal-1.6'
AMDEPBACKSLASH='\'
AMDEP_FALSE='#'
AMDEP_TRUE=''
AMTAR='tar'
AUTOCONF='autoconf'
AUTOHEADER='autoheader'
AUTOMAKE='automake-1.6'
AWK='gawk'
CATALOGS=''
CATOBJEXT='.gmo'
CC='gcc'
CCDEPMODE='depmode=gcc3'
CFLAGS='-g -O2'
CPP='gcc -E'
CPPFLAGS=''
DATADIRNAME='share'
DEFS='-DHAVE_CONFIG_H'
DEPDIR='.deps'
ECHO_C=''
ECHO_N='-n'
ECHO_T=''
EGREP='grep -E'
EXEEXT=''
GETTEXT_PACKAGE='gnosefart'
GMOFILES=''
GMSGFMT='/usr/bin/msgfmt'
INSTALL_DATA='${INSTALL} -m 644'
INSTALL_PROGRAM='${INSTALL}'
INSTALL_SCRIPT='${INSTALL}'
INSTALL_STRIP_PROGRAM='${SHELL} $(install_sh) -c -s'
INSTOBJEXT='.mo'
INTLLIBS=''
LDFLAGS=''
LIBOBJS=''
LIBS=''
LTLIBOBJS=''
MAINT='#'
MAINTAINER_MODE_FALSE=''
MAINTAINER_MODE_TRUE='#'
MAKEINFO='makeinfo'
MKINSTALLDIRS='./mkinstalldirs'
MSGFMT='/usr/bin/msgfmt'
OBJEXT='o'
PACKAGE='gnosefart'
PACKAGE_BUGREPORT=''
PACKAGE_CFLAGS='-I/usr/include/gtk-2.0 -I/usr/lib/gtk-2.0/include -I/usr/include/atk-1.0 -I/usr/include/cairo -I/usr/include/pango-1.0 -I/usr/include/glib-2.0 -I/usr/lib/glib-2.0/include -I/usr/include/freetype2 -I/usr/include/libpng12  '
PACKAGE_LIBS='-lgtk-x11-2.0 -lgdk-x11-2.0 -latk-1.0 -lgdk_pixbuf-2.0 -lm -lpangocairo-1.0 -lfontconfig -lXext -lXrender -lXinerama -lXi -lXrandr -lXcursor -lXcomposite -lXdamage -lpango-1.0 -lcairo -lX11 -lXfixes -lgobject-2.0 -lgmodule-2.0 -ldl -lglib-2.0  '
PACKAGE_NAME=''
PACKAGE_STRING=''
PACKAGE_TARNAME=''
PACKAGE_VERSION=''
PATH_SEPARATOR=':'
PKG_CONFIG='/usr/bin/pkg-config'
POFILES=''
POSUB='po'
PO_IN_DATADIR_FALSE=''
PO_IN_DATADIR_TRUE=''
SET_MAKE=''
SHELL='/bin/bash'
STRIP=''
USE_NLS='yes'
VERSION='0.1'
XGETTEXT='/usr/bin/xgettext'
ac_ct_CC='gcc'
ac_ct_STRIP=''
am__include='include'
am__quote=''
bindir='${exec_prefix}/bin'
build_alias=''
datadir='${prefix}/share'
exec_prefix='${prefix}'
host_alias=''
includedir='${prefix}/include'
infodir='${prefix}/info'
install_sh='/home/strait/projects/nosefart/nosefart-2.6/src/gnosefart-1.4/install-sh'
libdir='${exec_prefix}/lib'
libexecdir='${exec_prefix}/libexec'
localstatedir='${prefix}/var'
mandir='${prefix}/man'
oldincludedir='/usr/include'
prefix='/usr'
program_transform_name='s,x,x,'
sbindir='${exec_prefix}/sbin'
sharedstatedir='${prefix}/com'
sysconfdir='${prefix}/etc'
target_alias=''

## ----------- ##
## confdefs.h. ##
## ----------- ##

#define ENABLE_NLS 1
#define GETTEXT_PACKAGE "gnosefart"
#define HAVE_BIND_TEXTDOMAIN_CODESET 1
#define HAVE_DCGETTEXT 1
#define HAVE_GETTEXT 1
#define HAVE_INTTYPES_H 1
#define HAVE_LC_MESSAGES 1
#define HAVE_LOCALE_H 1
#define HAVE_MEMORY_H 1
#define HAVE_STDINT_H 1
#define HAVE_STDLIB_H 1
#define HAVE_STRINGS_H 1
#define HAVE_STRING_H 1
#define HAVE_SYS_STAT_H 1
#define HAVE_SYS_TYPES_H 1
#define HAVE_UNISTD_H 1
#define PACKAGE "gnosefart"
#define PACKAGE_BUGREPORT ""
#define PACKAGE_NAME ""
#define PACKAGE_STRING ""
#define PACKAGE_TARNAME ""
#define PACKAGE_VERSION ""
#define STDC_HEADERS 1
#define VERSION "0.1"

configure: exit 0
